1736
2270
2319
2007
1787
1921
1542
2233
998
1332
2025
1816
817
688
799
848
780
744
935
884
795
855
948
757
765
769
916
834
901
1302
1206
1139
1162
1061
1314
1470
1383
377
1191
796
696
1071
1299
993
1196
1311
1191
1057
1128
714
928
1215
939
1011
1071
1073
1011
940
916
921
939
1344
1044
866
1101
917
1016
1088
869
1015
1105
912
765
985
946
931
989
861
1265
1205
620
804
781
1377
719
650
386
1166
584
387
434
2130
425
836
901
831
976
392
562
643
695
510
537
737
702
1123
911
1140
914
1434
2471
938
1649
427
509
1197
1463
578
4149
1030
2478
858
823
3769
1908
1081
750
1421
1523
1680
1351
860
824
1082
705
793
477
479
467
554
471
628
722
507
668
591
568
624
566
386
625
658
490
1089
1004
1051
1339
2562
2641
2487
3094
3641
4410
4586
4407
308
2620
526
1166
1237
1178
367
924
1249
1129
376
1330
1332
1161
338
1207
1149
1088
380
1215
974
1132
233
378
348
267
354
1040
2221
1064
361
1528
2323
1182
424
1022
995
1166
414
1044
1075
1166
389
1109
1061
1140
315
1031
977
1057
1062
939
1072
405
1017
1003
1095
1055
1039
920
1072
1068
1142
693
1023
1141
1058
997
665
1247
1005
1093
309
1106
1220
941
354
1126
1069
1230
455
1100
1043
1208
1167
373
934
1052
1066
1302
369
1102
1006
1124
1285
1117
407
1143
1077
1027
1143
1320
402
1137
1117
1060
411
925
1055
1149
382
974
1034
1093
1147
1156
350
1018
1119
810
1115
987
493
1147
1120
1244
438
1024
1088
1082
1127
1236
707
1154
902
926
1246
567
1076
991
989
1225
421
976
1081
1191
219
1007
1048
1090
1146
1090
967
1069
1594
1207
1073
824
982
994
1113
1147
566
1028
1052
1718
1220
1013
1314
357
1281
1012
1196
1212
1223
1312
1203
1245
828
736
848
661
589
707
1267
754
908
412
1136
1419
1030
1326
1065
4425
1260
411
3424
1198
1626
525
1098
1118
1224
1256
943
1778
2666
314
3018
845
938
379
3118
858
1221
2268
1202
440
660
406
469
361
681
188
448
379
740
787
1004
802
831
1398
330
641
288
422
409
452
400
496
388
406
445
446
1465
806
777
713
566
1254
864
1023
1034
889
961
876
861
727
529
350
556
429
547
408
321
392
498
353
362
526
355
1398
917
804
763
483
405
417
207
292
356
317
302
261
368
290
406
335
314
293
308
411
302
301
419
298
332
398
358
367
294
236
357
241
315
344
218
287
356
317
297
294
292
319
366
253
371
365
303
339
344
297
231
290
311
332
302
321
305
299
297
282
1624
958
487
809
402
333
388
4320
3646
1341
1475
1224
1314
1204
2598
3852
325
332
563
508
308
288
296
244
321
315
295
298
257
362
334
311
263
319
398
311
404
353
284
315
857
330
1955
1780
415
494
779
333
1174
1007
991
1002
796
912
590
640
521
593
552
410
239
387
276
448
323
315
249
248
258
340
602
584
338
542
471
506
379
525
451
561
515
358
298
293
286
241
363
369
440
436
349
453
885
2153
